-------------------------------------------------------------------------------
Test set: com.vipwriters.Applied.AppliedSendMessageTest
-------------------------------------------------------------------------------
Tests run: 4, Failures: 0, Errors: 4, Skipped: 0, Time elapsed: 44.293 s <<< FAILURE! - in com.vipwriters.Applied.AppliedSendMessageTest
SendMessageToClientEmptyField(com.vipwriters.Applied.AppliedSendMessageTest)  Time elapsed: 9.111 s  <<< ERROR!
java.lang.NullPointerException
	at com.vipwriters.Applied.AppliedSendMessageTest.SendMessageToClientEmptyField(AppliedSendMessageTest.java:80)

sendMessageMax(com.vipwriters.Applied.AppliedSendMessageTest)  Time elapsed: 12.777 s  <<< ERROR!
java.lang.NullPointerException
	at com.vipwriters.Applied.AppliedSendMessageTest.sendMessageMax(AppliedSendMessageTest.java:54)

sendMessageMin(com.vipwriters.Applied.AppliedSendMessageTest)  Time elapsed: 10.129 s  <<< ERROR!
java.lang.NullPointerException
	at com.vipwriters.Applied.AppliedSendMessageTest.sendMessageMin(AppliedSendMessageTest.java:39)

sendMessage(com.vipwriters.Applied.AppliedSendMessageTest)  Time elapsed: 12.266 s  <<< ERROR!
java.lang.NullPointerException
	at com.vipwriters.Applied.AppliedSendMessageTest.sendMessage(AppliedSendMessageTest.java:24)

