-------------------------------------------------------------------------------
Test set: com.vipwriters.Affiliate.AffiliateStatisticsTest
-------------------------------------------------------------------------------
Tests run: 1, Failures: 0, Errors: 1, Skipped: 0, Time elapsed: 15.34 s <<< FAILURE! - in com.vipwriters.Affiliate.AffiliateStatisticsTest
Statistics(com.vipwriters.Affiliate.AffiliateStatisticsTest)  Time elapsed: 14.953 s  <<< ERROR!
java.lang.NullPointerException
	at com.vipwriters.Affiliate.AffiliateStatisticsTest.Statistics(AffiliateStatisticsTest.java:33)

